e:\graphics lab\proj\opengl_4_application_vs2015_2\opengl_4_application_vs2015\release\opengl_4_application_vs2015.pch
e:\graphics lab\proj\opengl_4_application_vs2015_2\opengl_4_application_vs2015\release\vc140.pdb
e:\graphics lab\proj\opengl_4_application_vs2015_2\opengl_4_application_vs2015\release\stdafx.obj
e:\graphics lab\proj\opengl_4_application_vs2015_2\opengl_4_application_vs2015\release\skybox.obj
e:\graphics lab\proj\opengl_4_application_vs2015_2\opengl_4_application_vs2015\release\shader.obj
e:\graphics lab\proj\opengl_4_application_vs2015_2\opengl_4_application_vs2015\release\opengl_4_application_vs2015.obj
e:\graphics lab\proj\opengl_4_application_vs2015_2\opengl_4_application_vs2015\release\model3d.obj
e:\graphics lab\proj\opengl_4_application_vs2015_2\opengl_4_application_vs2015\release\mesh.obj
e:\graphics lab\proj\opengl_4_application_vs2015_2\opengl_4_application_vs2015\release\camera.obj
e:\graphics lab\proj\opengl_4_application_vs2015_2\opengl_4_application_vs2015\release\stb_image.obj
e:\graphics lab\proj\opengl_4_application_vs2015_2\release\opengl_4_application_vs2015.exe
e:\graphics lab\proj\opengl_4_application_vs2015_2\release\opengl_4_application_vs2015.ipdb
e:\graphics lab\proj\opengl_4_application_vs2015_2\release\opengl_4_application_vs2015.iobj
e:\graphics lab\proj\opengl_4_application_vs2015_2\release\opengl_4_application_vs2015.pdb
e:\graphics lab\proj\opengl_4_application_vs2015_2\opengl_4_application_vs2015\release\opengl_4.59a67b95.tlog\cl.command.1.tlog
e:\graphics lab\proj\opengl_4_application_vs2015_2\opengl_4_application_vs2015\release\opengl_4.59a67b95.tlog\cl.read.1.tlog
e:\graphics lab\proj\opengl_4_application_vs2015_2\opengl_4_application_vs2015\release\opengl_4.59a67b95.tlog\cl.write.1.tlog
e:\graphics lab\proj\opengl_4_application_vs2015_2\opengl_4_application_vs2015\release\opengl_4.59a67b95.tlog\link.command.1.tlog
e:\graphics lab\proj\opengl_4_application_vs2015_2\opengl_4_application_vs2015\release\opengl_4.59a67b95.tlog\link.read.1.tlog
e:\graphics lab\proj\opengl_4_application_vs2015_2\opengl_4_application_vs2015\release\opengl_4.59a67b95.tlog\link.write.1.tlog
